<?xml version="1.0" encoding="UTF-8"?>
<!-- Generated by org.testng.reporters.JUnitReportReporter -->
<testsuite hostname="Sasikumar" failures="0" tests="1" name="org.test.testPages.LoginPage" time="0.955" errors="0" timestamp="2023-11-24T00:50:14 IST" skipped="0">
  <testcase classname="org.test.testPages.LoginPage" name="ValidCredentials" time="0.955"/>
</testsuite> <!-- org.test.testPages.LoginPage -->
