<?xml version="1.0" encoding="UTF-8"?>
<!-- Generated by org.testng.reporters.JUnitReportReporter -->
<testsuite hostname="Sasikumar" failures="0" tests="2" name="org.test.testPages.Login" time="0.943" errors="0" timestamp="2023-11-24T00:50:14 IST" skipped="0">
  <testcase classname="org.test.testPages.Login" name="LoginPageFunctionalites" time="0.613"/>
  <testcase classname="org.test.testPages.Login" name="LoginUI" time="0.330"/>
</testsuite> <!-- org.test.testPages.Login -->
