<?xml version="1.0" encoding="UTF-8"?>
<!-- Generated by org.testng.reporters.JUnitReportReporter -->
<testsuite hostname="Sasikumar" failures="0" tests="1" name="org.test.pages.Home" time="7.243" errors="0" timestamp="2023-11-23T14:00:45 IST" skipped="0">
  <testcase classname="org.test.pages.Home" name="HomeOperation" time="7.243"/>
</testsuite> <!-- org.test.pages.Home -->
